<?xml version="1.0" encoding="UTF-8"?>
<!-- Generated by org.testng.reporters.JUnitXMLReporter -->
<testsuite ignored="0" hostname="DESKTOP-TBDUV95" failures="0" tests="4" name="Default test" time="0.105" errors="0" timestamp="2021-04-25T03:49:42 GMT-07:00">
  <testcase classname="booking.Bookflight" name="BookFlight_OneWay_TestCase1" time="0.015"/>
  <testcase classname="booking.Bookflight" name="BookFlight_OneWay_TestCase2" time="0.002"/>
  <testcase classname="booking.Bookflight" name="BookFlight_RoundTrip_TestCase1" time="0.002"/>
  <testcase classname="booking.Bookflight" name="BookFlight_RoundTrip_TestCase2" time="0.011"/>
</testsuite> <!-- Default test -->
