<?xml version="1.0" encoding="UTF-8"?>
<!-- Generated by org.testng.reporters.JUnitXMLReporter -->
<testsuite ignored="0" hostname="DESKTOP-TBDUV95" failures="0" tests="10" name="Test" time="0.146" errors="0" timestamp="2021-04-25T04:27:13 GMT-07:00">
  <testcase classname="booking.Bookflight" name="BookFlight_OneWay_TestCase1" time="0.015"/>
  <testcase classname="booking.Bookflight" name="BookFlight_OneWay_TestCase2" time="0.002"/>
  <testcase classname="booking.Bookflight" name="BookFlight_RoundTrip_TestCase1" time="0.002"/>
  <testcase classname="booking.Bookflight" name="BookFlight_RoundTrip_TestCase2" time="0.002"/>
  <testcase classname="booking.BookHolidayPackage" name="BookHolidayPackage_departure" time="0.003"/>
  <testcase classname="booking.BookHolidayPackage" name="BookHolidayPackage_destination" time="0.002"/>
  <testcase classname="booking.BookHolidayPackage" name="BookHolidayPackage_return" time="0.002"/>
  <testcase classname="booking.BookHotel" name="BookHotel_CheckIn" time="0.002"/>
  <testcase classname="booking.BookHotel" name="BookHotel_CheckOut" time="0.002"/>
  <testcase classname="booking.BookHotel" name="BookHotel_destinationCity" time="0.002"/>
</testsuite> <!-- Test -->
