<?xml version="1.0" encoding="UTF-8"?>
<testng-results ignored="0" total="10" passed="10" failed="0" skipped="0">
  <reporter-output>
  </reporter-output>
  <suite started-at="2021-04-25T04:27:12 GMT-07:00" name="Booking" finished-at="2021-04-25T04:27:12 GMT-07:00" duration-ms="146">
    <groups>
    </groups>
    <test started-at="2021-04-25T04:27:12 GMT-07:00" name="Test" finished-at="2021-04-25T04:27:12 GMT-07:00" duration-ms="146">
      <class name="booking.BookHolidayPackage">
        <test-method signature="BookHolidayPackage_departure()[pri:0, instance:booking.BookHolidayPackage@5f16132a]" started-at="2021-04-25T04:27:12 GMT-07:00" name="BookHolidayPackage_departure" finished-at="2021-04-25T04:27:12 GMT-07:00" duration-ms="3" status="PASS">
          <reporter-output>
          </reporter-output>
        </test-method> <!-- BookHolidayPackage_departure -->
        <test-method signature="BookHolidayPackage_destination()[pri:0, instance:booking.BookHolidayPackage@5f16132a]" started-at="2021-04-25T04:27:12 GMT-07:00" name="BookHolidayPackage_destination" finished-at="2021-04-25T04:27:12 GMT-07:00" duration-ms="2" status="PASS">
          <reporter-output>
          </reporter-output>
        </test-method> <!-- BookHolidayPackage_destination -->
        <test-method signature="BookHolidayPackage_return()[pri:0, instance:booking.BookHolidayPackage@5f16132a]" started-at="2021-04-25T04:27:12 GMT-07:00" name="BookHolidayPackage_return" finished-at="2021-04-25T04:27:12 GMT-07:00" duration-ms="2" status="PASS">
          <reporter-output>
          </reporter-output>
        </test-method> <!-- BookHolidayPackage_return -->
      </class> <!-- booking.BookHolidayPackage -->
      <class name="booking.BookHotel">
        <test-method signature="BookHotel_CheckIn()[pri:0, instance:booking.BookHotel@69fb6037]" started-at="2021-04-25T04:27:12 GMT-07:00" name="BookHotel_CheckIn" finished-at="2021-04-25T04:27:12 GMT-07:00" duration-ms="2" status="PASS">
          <reporter-output>
          </reporter-output>
        </test-method> <!-- BookHotel_CheckIn -->
        <test-method signature="BookHotel_CheckOut()[pri:0, instance:booking.BookHotel@69fb6037]" started-at="2021-04-25T04:27:12 GMT-07:00" name="BookHotel_CheckOut" finished-at="2021-04-25T04:27:12 GMT-07:00" duration-ms="2" status="PASS">
          <reporter-output>
          </reporter-output>
        </test-method> <!-- BookHotel_CheckOut -->
        <test-method signature="BookHotel_destinationCity()[pri:0, instance:booking.BookHotel@69fb6037]" started-at="2021-04-25T04:27:12 GMT-07:00" name="BookHotel_destinationCity" finished-at="2021-04-25T04:27:12 GMT-07:00" duration-ms="2" status="PASS">
          <reporter-output>
          </reporter-output>
        </test-method> <!-- BookHotel_destinationCity -->
      </class> <!-- booking.BookHotel -->
      <class name="booking.Bookflight">
        <test-method signature="BookFlight_OneWay_TestCase1()[pri:0, instance:booking.Bookflight@dd0c991]" started-at="2021-04-25T04:27:12 GMT-07:00" name="BookFlight_OneWay_TestCase1" finished-at="2021-04-25T04:27:12 GMT-07:00" duration-ms="15" status="PASS">
          <reporter-output>
          </reporter-output>
        </test-method> <!-- BookFlight_OneWay_TestCase1 -->
        <test-method signature="BookFlight_OneWay_TestCase2()[pri:0, instance:booking.Bookflight@dd0c991]" started-at="2021-04-25T04:27:12 GMT-07:00" name="BookFlight_OneWay_TestCase2" finished-at="2021-04-25T04:27:12 GMT-07:00" duration-ms="2" status="PASS">
          <reporter-output>
          </reporter-output>
        </test-method> <!-- BookFlight_OneWay_TestCase2 -->
        <test-method signature="BookFlight_RoundTrip_TestCase1()[pri:0, instance:booking.Bookflight@dd0c991]" started-at="2021-04-25T04:27:12 GMT-07:00" name="BookFlight_RoundTrip_TestCase1" finished-at="2021-04-25T04:27:12 GMT-07:00" duration-ms="2" status="PASS">
          <reporter-output>
          </reporter-output>
        </test-method> <!-- BookFlight_RoundTrip_TestCase1 -->
        <test-method signature="BookFlight_RoundTrip_TestCase2()[pri:0, instance:booking.Bookflight@dd0c991]" started-at="2021-04-25T04:27:12 GMT-07:00" name="BookFlight_RoundTrip_TestCase2" finished-at="2021-04-25T04:27:12 GMT-07:00" duration-ms="2" status="PASS">
          <reporter-output>
          </reporter-output>
        </test-method> <!-- BookFlight_RoundTrip_TestCase2 -->
      </class> <!-- booking.Bookflight -->
    </test> <!-- Test -->
  </suite> <!-- Booking -->
</testng-results>
